<?xml version="1.0" encoding="UTF-8"?>
<testng-results skipped="0" failed="0" total="1" passed="1">
  <reporter-output>
  </reporter-output>
  <suite name="Default suite" duration-ms="41206" started-at="2020-05-28T07:37:51Z" finished-at="2020-05-28T07:38:32Z">
    <groups>
    </groups>
    <test name="Default test" duration-ms="41206" started-at="2020-05-28T07:37:51Z" finished-at="2020-05-28T07:38:32Z">
      <class name="com.restAPI.RestAssuredExample">
        <test-method status="PASS" signature="postDetails()[pri:0, instance:com.restAPI.RestAssuredExample@7d417077]" name="postDetails" duration-ms="41145" started-at="2020-05-28T13:07:51Z" finished-at="2020-05-28T13:08:32Z">
          <reporter-output>
          </reporter-output>
        </test-method> <!-- postDetails -->
      </class> <!-- com.restAPI.RestAssuredExample -->
    </test> <!-- Default test -->
  </suite> <!-- Default suite -->
</testng-results>
